2018-01-22 11:20:13,259 - BrowserEngine - INFO - The test server url is: https://fapiao.yonyoucloud.com/cas/login?service=https%3A%2F%2Ffapiao.yonyoucloud.com%2Finvoiceclient-web%2Fcas
2018-01-22 11:20:16,934 - BrowserEngine - INFO - Open url: https://fapiao.yonyoucloud.com/cas/login?service=https%3A%2F%2Ffapiao.yonyoucloud.com%2Finvoiceclient-web%2Fcas
2018-01-22 11:20:18,056 - BrowserEngine - INFO - Maximize the current window.
2018-01-22 11:20:18,069 - BrowserEngine - INFO - Set implicitly wait 10 seconds.
2018-01-22 11:20:23,105 - BasePage - INFO - 开始回放脚本组织管理
2018-01-22 11:20:23,173 - BasePage - INFO - 行号：1,内容:['wait','','','1000','','']
2018-01-22 11:20:24,173 - BasePage - INFO - 行号：2,内容:['mousemove','xpath','//*[@id='header']//span[text()='应用设置']','','','应用设置']
2018-01-22 11:20:24,815 - BasePage - INFO - 行号：3,内容:['click','xpath','//*[@id='header']//span[text()='组织管理']','','','组织管理']
2018-01-22 11:20:25,210 - BasePage - INFO - 行号：4,内容:['wait','','','1000','','']
2018-01-22 11:20:26,211 - BasePage - INFO - 行号：5,内容:['click','xpath','//*[@id='content']//div[@class='btn-icons add-org-treeBtn']','','','增加组织']
2018-01-22 11:20:26,492 - BasePage - INFO - 行号：6,内容:['input','xpath','//*[@id='first-corp-input'] ','FunctionAutoOrg','','编码']
2018-01-22 11:20:26,698 - BasePage - INFO - 行号：7,内容:['input','xpath','//*[@id='views-container']//input[@title='请输入名称']','功能自动化勿用','','名称']
2018-01-22 11:20:26,892 - BasePage - INFO - 行号：8,内容:['input','xpath','//div[@class='page-views top-padding']/div[3]/div/div[5]/div[2]/input','13143533454','','电话']
2018-01-22 11:20:27,059 - BasePage - INFO - 行号：9,内容:['input','xpath','//div[@class='page-views top-padding']/div[3]/div/div[6]/div[2]/input','周毅','','联系人']
2018-01-22 11:20:27,183 - BasePage - INFO - 行号：10,内容:['input','xpath','//*[@id='nsrsbh']','111222333123999','','纳税人识别号']
2018-01-22 11:20:27,365 - BasePage - INFO - 行号：11,内容:['input','xpath','//*[@id='views-container']//input[@title='请输入纳税人名称']','Auto.01','','纳税人名称']
2018-01-22 11:20:27,556 - BasePage - INFO - 行号：12,内容:['input','xpath','//*[@id='views-container']//input[@data-bind='value: oldNsrsbh']','111222333123124','','曾用纳税人识别号']
2018-01-22 11:20:27,727 - BasePage - INFO - 行号：13,内容:['input','xpath','//*[@id='views-container']//input[@data-bind='value: oldNsrmc']','Auto.00','','曾用纳税人名称']
2018-01-22 11:20:27,871 - BasePage - INFO - 行号：14,内容:['input','xpath','//*[@id='views-container']//input[@title='请输入地址']','北京市北京经济技术开发区科创十四街99号','','地址']
2018-01-22 11:20:28,073 - BasePage - INFO - 行号：15,内容:['input','xpath','//*[@id='views-container']//input[@title='请输入电话号码']','010-56754031','','电话号码']
2018-01-22 11:20:28,250 - BasePage - INFO - 行号：16,内容:['input','xpath','//*[@id='views-container']//input[@title='请输入开户行名称']','中国建设银行','','开户行名称']
2018-01-22 11:20:28,413 - BasePage - INFO - 行号：17,内容:['input','xpath','//*[@id='views-container']//input[@title='请输入开户行账号']','6212261009111300000','','开户行账号']
2018-01-22 11:20:28,609 - BasePage - INFO - 行号：18,内容:['click','cssSelector','div.corp-btns > div:nth-child(1) > span','','','保存']
2018-01-22 11:20:28,720 - BasePage - INFO - 行号：19,内容:['checkpoint','xpath','//div[@class='layui-layer-content']','操作成功','','']
2018-01-22 11:20:30,005 - BasePage - INFO - 行号：20,内容:['','','组织管理-基本信息增加复选项：机关、事业单位。
1. 如果选中：则纳税人识别号不必填；
2. 如果纳税人识别号为空，不允许勾选开票组织；
3. 如果纳税人识别号为空，报销提交发票到报销/采购台账时，不校验税号必填；如果有纳税人识别号，仍然校验税号一致。','','*','']
2018-01-22 11:20:30,006 - BasePage - INFO - 行号：21,内容:['click','cssSelector','label.label-checked','','','勾选机关、事业单位']
2018-01-22 11:20:30,148 - BasePage - INFO - 行号：22,内容:['input','xpath','//*[@id='nsrsbh']','','','清空纳税人识别号']
2018-01-22 11:20:30,263 - BasePage - INFO - 行号：23,内容:['click','cssSelector','div.corp-btns > div:nth-child(1) > span','','','保存']
2018-01-22 11:20:30,364 - BasePage - INFO - 行号：24,内容:['checkpoint','xpath','//div[@class='layui-layer-content']','保存成功','','']
2018-01-22 11:20:31,525 - BasePage - INFO - 行号：25,内容:['click','xpath','//*[@id='views-container']//label[@for='make-invoice']','','','勾选开票']
2018-01-22 11:20:31,667 - BasePage - INFO - 行号：26,内容:['checkpoint','xpath','//div[@class='layui-layer-content']','请输入纳税人识别号','','']
2018-01-22 11:20:32,816 - BasePage - INFO - 行号：27,内容:['input','xpath','//*[@id='nsrsbh']','111222333123999','','输入纳税人识别号']
2018-01-22 11:20:33,033 - BasePage - INFO - 行号：28,内容:['click','xpath','//*[@id='views-container']//label[@for='make-invoice']','','','勾选开票']
2018-01-22 11:20:33,155 - BasePage - INFO - 行号：29,内容:['wait','','','1000','','']
2018-01-22 11:20:34,155 - BasePage - INFO - 行号：30,内容:['checkpoint','cssSelector','#nsrsbhEditTypeModal > div > div','','','税号修改提示框弹出']
2018-01-22 11:20:34,217 - BasePage - INFO - 行号：31,内容:['click','cssSelector','#checkCode_01+label','','','企业税号变更']
2018-01-22 11:20:34,323 - BasePage - INFO - 行号：32,内容:['click','cssSelector','#checkCode_02+label','','','组织税号变更']
2018-01-22 11:20:34,444 - BasePage - INFO - 行号：33,内容:['click','xpath','//div[@id='nsrsbhEditTypeModal']//span[@class='button default']','','','确定']
2018-01-22 11:20:34,542 - BasePage - INFO - 行号：34,内容:['click','xpath','//*[@id='views-container']//label[@for='make-invoice']','','','勾选开票']
2018-01-22 11:20:36,119 - BasePage - INFO - 行号：35,内容:['','','完成机关事业单位的1、2条需求','','*','']
2018-01-22 11:20:36,121 - BasePage - INFO - 行号：36,内容:['input','xpath','//*[@id='make-invoice-show']/div[1]/div[1]/div[2]/input','张力和','','开票人']
2018-01-22 11:20:36,265 - BasePage - INFO - 行号：37,内容:['input','xpath','//*[@id="make-invoice-show"]/div[1]/div[2]/div[2]/input','梅兹','','复核人']
2018-01-22 11:20:36,395 - BasePage - INFO - 行号：38,内容:['input','xpath','//*[@id="make-invoice-show"]/div[1]/div[3]/div[2]/input','唐钰','','收款人']
2018-01-22 11:20:36,519 - BasePage - INFO - 行号：39,内容:['click','xpath','//*[@id='make-invoice-show']//div[@class='addTaxMechBtn']/span','','','添加税控设备1']
2018-01-22 11:20:36,651 - BasePage - INFO - 行号：40,内容:['wait','','','1000','','']
2018-01-22 11:20:37,653 - BasePage - INFO - 行号：41,内容:['input','xpath','//*[@id='taxMechModal']//input[@title='请填写税控设备编号']','Auto001','','选择或填写税控编号']
2018-01-22 11:20:37,846 - BasePage - INFO - 行号：42,内容:['input','xpath','//*[@id='taxMechModal']//input[@data-bind='value: taxMechName']','Auto百旺3.0','','税控设备名称']
2018-01-22 11:20:37,989 - BasePage - INFO - 行号：43,内容:['click','xpath','//*[@id='select2-taxSoftVersion-container']','','','点击选择税控版本']
2018-01-22 11:20:38,092 - BasePage - INFO - 行号：44,内容:['click','xpath','//*[@id='select2-taxSoftVersion-results']/li[1]','','*','选择航信']
2018-01-22 11:20:38,092 - BasePage - INFO - 行号：45,内容:['click','xpath','//*[@id='select2-taxSoftVersion-results']/li[2]','','','选择百旺']
2018-01-22 11:20:38,216 - BasePage - INFO - 行号：46,内容:['input','xpath','//*[@id='taxMechModal']//input[@title='请输入发票开具限额']','10000','','开具限额']
2018-01-22 11:20:38,338 - BasePage - INFO - 行号：47,内容:['click','xpath','//*[@id='select2-taxBmbBbh-container']','','','选择编码版本号']
2018-01-22 11:20:38,431 - BasePage - INFO - 行号：48,内容:['click','xpath','//*[@id='select2-taxBmbBbh-results']/li','','','13']
2018-01-22 11:20:38,529 - BasePage - INFO - 行号：49,内容:['click','xpath','//*[@id='select2-taxMechType-container']','','','选择发票种类']
2018-01-22 11:20:38,630 - BasePage - INFO - 行号：50,内容:['click','xpath','//*[@id='select2-taxMechType-results']/li[1]','','','增值税电子普通发票']
2018-01-22 11:20:38,726 - BasePage - INFO - 行号：51,内容:['click','xpath','//*[@id='taxMechModal']//span[text()='保存']','','','保存添加税控设备']
2018-01-22 11:20:38,838 - BasePage - INFO - 行号：52,内容:['wait','','','1000','','']
2018-01-22 11:20:39,841 - BasePage - INFO - 行号：53,内容:['click','xpath','//*[@id='make-invoice-show']//div[@class='addTaxMechBtn']/span','','','添加税控设备2']
2018-01-22 11:20:40,003 - BasePage - INFO - 行号：54,内容:['wait','','','1000','','']
2018-01-22 11:20:41,003 - BasePage - INFO - 行号：55,内容:['input','xpath','//*[@id='taxMechModal']//input[@title='请填写税控设备编号']','Auto002','','选择或填写税控编号']
2018-01-22 11:20:41,131 - BasePage - INFO - 行号：56,内容:['input','xpath','//*[@id='taxMechModal']//input[@data-bind='value: taxMechName']','Auto百旺3.0','','税控设备名称']
2018-01-22 11:20:41,276 - BasePage - INFO - 行号：57,内容:['click','xpath','//*[@id='select2-taxSoftVersion-container']','','','点击选择税控版本']
2018-01-22 11:20:41,371 - BasePage - INFO - 行号：58,内容:['click','xpath','//*[@id='select2-taxSoftVersion-results']/li[1]','','*','选择航信']
2018-01-22 11:20:41,372 - BasePage - INFO - 行号：59,内容:['click','xpath','//*[@id='select2-taxSoftVersion-results']/li[2]','','','选择百旺']
2018-01-22 11:20:41,482 - BasePage - INFO - 行号：60,内容:['input','xpath','//*[@id='taxMechModal']//input[@title='请输入发票开具限额']','1000','','开具限额']
2018-01-22 11:20:41,575 - BasePage - INFO - 行号：61,内容:['click','xpath','//*[@id='select2-taxBmbBbh-container']','','','选择编码版本号']
2018-01-22 11:20:41,674 - BasePage - INFO - 行号：62,内容:['click','xpath','//*[@id='select2-taxBmbBbh-results']/li','','','13']
2018-01-22 11:20:41,779 - BasePage - INFO - 行号：63,内容:['click','xpath','//*[@id='select2-taxMechType-container']','','','选择发票种类']
2018-01-22 11:20:41,868 - BasePage - INFO - 行号：64,内容:['click','xpath','//*[@id='select2-taxMechType-results']/li[2]','','','增值税普通发票']
2018-01-22 11:20:41,960 - BasePage - INFO - 行号：65,内容:['click','xpath','//*[@id='taxMechModal']//span[text()='保存']','','','保存添加税控设备']
2018-01-22 11:20:42,036 - BasePage - INFO - 行号：66,内容:['wait','','','1000','','']
2018-01-22 11:20:43,036 - BasePage - INFO - 行号：67,内容:['click','xpath','//*[@id='make-invoice-show']//div[@class='addTaxMechBtn']/span','','','添加税控设备3']
2018-01-22 11:20:43,203 - BasePage - INFO - 行号：68,内容:['wait','','','1000','','']
2018-01-22 11:20:44,204 - BasePage - INFO - 行号：69,内容:['input','xpath','//*[@id='taxMechModal']//input[@title='请填写税控设备编号']','Auto003','','选择或填写税控编号']
2018-01-22 11:20:44,418 - BasePage - INFO - 行号：70,内容:['input','xpath','//*[@id='taxMechModal']//input[@data-bind='value: taxMechName']','Auto百旺3.0','','税控设备名称']
2018-01-22 11:20:44,575 - BasePage - INFO - 行号：71,内容:['click','xpath','//*[@id='select2-taxSoftVersion-container']','','','点击选择税控版本']
2018-01-22 11:20:44,671 - BasePage - INFO - 行号：72,内容:['click','xpath','//*[@id='select2-taxSoftVersion-results']/li[1]','','*','选择航信']
2018-01-22 11:20:44,671 - BasePage - INFO - 行号：73,内容:['click','xpath','//*[@id='select2-taxSoftVersion-results']/li[2]','','','选择百旺']
2018-01-22 11:20:44,765 - BasePage - INFO - 行号：74,内容:['input','xpath','//*[@id='taxMechModal']//input[@title='请输入发票开具限额']','1000','','开具限额']
2018-01-22 11:20:44,855 - BasePage - INFO - 行号：75,内容:['click','xpath','//*[@id='select2-taxBmbBbh-container']','','','选择编码版本号']
2018-01-22 11:20:44,948 - BasePage - INFO - 行号：76,内容:['click','xpath','//*[@id='select2-taxBmbBbh-results']/li','','','13']
2018-01-22 11:20:45,048 - BasePage - INFO - 行号：77,内容:['click','xpath','//*[@id='select2-taxMechType-container']','','','选择发票种类']
2018-01-22 11:20:45,141 - BasePage - INFO - 行号：78,内容:['click','xpath','//*[@id='select2-taxMechType-results']/li[3]','','','增值税专用发票']
2018-01-22 11:20:45,269 - BasePage - INFO - 行号：79,内容:['click','xpath','//*[@id='taxMechModal']//span[text()='保存']','','','保存添加税控设备']
2018-01-22 11:20:45,354 - BasePage - INFO - 行号：80,内容:['wait','','','1000','','']
2018-01-22 11:20:46,355 - BasePage - INFO - 行号：81,内容:['click','xpath','//*[@id='make-invoice-show']//div[@class='addTaxMechBtn']/span','','','添加税控设备4']
2018-01-22 11:20:46,519 - BasePage - INFO - 行号：82,内容:['checkpoint','xpath','//div[@class='layui-layer-content']','发票种类已添加完整','','']
2018-01-22 11:20:47,726 - BasePage - INFO - 行号：83,内容:['click','xpath','//*[@id='views-container']//label[@for='drawee-invoice']','','','勾选受票']
2018-01-22 11:20:47,887 - BasePage - INFO - 行号：84,内容:['click','cssSelector','div.corp-btns > div:nth-child(1) > span','','','保存']
2018-01-22 11:20:48,000 - BasePage - INFO - 行号：85,内容:['checkpoint','xpath','//div[@class='layui-layer-content']','保存成功','','']
2018-01-22 11:20:49,138 - BasePage - INFO - 行号：86,内容:['','','','','*','查询组织']
2018-01-22 11:20:49,138 - BasePage - INFO - 行号：87,内容:['input','xpath','//*[@id='keywords']','FunctionAutoOrg','','输入组织编码查询关键字']
2018-01-22 11:20:49,312 - BasePage - INFO - 行号：88,内容:['click','xpath','//*[@id='content']//div[@class='search-icon']','','','点击搜索图标']
2018-01-22 11:20:49,411 - BasePage - INFO - 行号：89,内容:['checkpoint','xpath','//*[@id='content']//p[text()='功能自动化勿用']','','','']
2018-01-22 11:20:49,457 - BasePage - INFO - 行号：90,内容:['click','xpath','//*[@id='content']//p[text()='功能自动化勿用']','','','修改组织信息']
2018-01-22 11:20:49,565 - BasePage - INFO - 行号：91,内容:['','','组织管理-基本信息增加复选项：机关、事业单位。
1. 如果选中：则纳税人识别号不必填；
2. 如果纳税人识别号为空，不允许勾选开票组织；
3. 如果纳税人识别号为空，报销提交发票到报销/采购台账时，不校验税号必填；如果有纳税人识别号，仍然校验税号一致。','','*','']
2018-01-22 11:20:49,565 - BasePage - INFO - 行号：92,内容:['click','cssSelector','label.label-checked','','','取消勾选机关、事业单位']
2018-01-22 11:20:49,683 - BasePage - INFO - 行号：93,内容:['input','xpath','//*[@id='nsrsbh']','','','清空纳税人识别号']
2018-01-22 11:20:49,802 - BasePage - INFO - 行号：94,内容:['click','xpath','//*[@id='views-container']//label[@for='make-invoice']','','','取消勾选开票']
2018-01-22 11:20:49,901 - BasePage - INFO - 行号：95,内容:['checkpoint','xpath','//div[@class='layui-layer-content']','业务信息组织属性不可修改','','']
2018-01-22 11:20:51,076 - BasePage - INFO - 行号：96,内容:['click','cssSelector','div.corp-btns > div:nth-child(1) > span','','','保存']
2018-01-22 11:20:51,223 - BasePage - INFO - 行号：97,内容:['checkpoint','cssSelector','#nsrsbh+span','请输入税号','','']
2018-01-22 11:20:51,364 - BasePage - INFO - 行号：98,内容:['input','xpath','//*[@id='nsrsbh']','111222333123999','','输入纳税人识别号']
2018-01-22 11:20:51,516 - BasePage - INFO - 行号：99,内容:['click','cssSelector','div.corp-btns > div:nth-child(1) > span','','','保存']
2018-01-22 11:20:51,605 - BasePage - INFO - 行号：100,内容:['wait','','','1000','','']
2018-01-22 11:20:52,607 - BasePage - INFO - 行号：101,内容:['click','xpath','//*[@id='content']//p[text()='功能自动化勿用']','','','修改组织信息']
2018-01-22 11:20:52,779 - BasePage - INFO - 行号：102,内容:['checkpoint','xpath','//div[@class='layui-layer-content']','操作成功','','']
2018-01-22 11:20:53,963 - BasePage - ERROR - 断言失败，预期值与实际值不一致
2018-01-22 11:20:53,963 - BasePage - INFO - 行号：103,内容:['input','xpath','//div[@class='page-views top-padding']/div[3]/div/div[5]/div[2]/input','13143530000','','电话']
2018-01-22 11:20:54,155 - BasePage - INFO - 行号：104,内容:['input','xpath','//*[@id='make-invoice-show']/div[1]/div[1]/div[2]/input','王小九','','开票人']
2018-01-22 11:20:54,298 - BasePage - INFO - 行号：105,内容:['input','xpath','//*[@id="make-invoice-show"]/div[1]/div[2]/div[2]/input','赵小九','','复核人']
2018-01-22 11:20:54,437 - BasePage - INFO - 行号：106,内容:['input','xpath','//*[@id="make-invoice-show"]/div[1]/div[3]/div[2]/input','钱小九','','收款人']
2018-01-22 11:20:54,565 - BasePage - INFO - 行号：107,内容:['click','xpath','//*[@id='views-container']//img[@alt='预约二维码生成']','','','预约二维码']
2018-01-22 11:20:54,670 - BasePage - INFO - 行号：108,内容:['click','xpath','//*[@id='readyQrModal']//span[@class='button light']','','','取消']
2018-01-22 11:20:55,918 - BasePage - INFO - 行号：109,内容:['click','xpath','//*[@id='views-container']//img[@alt='预约二维码生成']','','','预约二维码']
2018-01-22 11:20:57,470 - BasePage - INFO - 行号：110,内容:['click','xpath','//*[@id='readyQrModal']//span[@class='button default']','','','下载']
2018-01-22 11:20:59,232 - BasePage - INFO - 行号：111,内容:['click','xpath','//*[@id='readyQrModal']//button[@class='close']','','','关闭']
2018-01-22 11:20:59,371 - BasePage - INFO - 行号：112,内容:['click','xpath','//*[@id='views-container']//img[@alt='邀请加入二维码']','','','邀请加入二维码']
2018-01-22 11:21:01,052 - BasePage - INFO - 行号：113,内容:['click','xpath','//*[@id='inviteModal']//span[@data-dismiss='modal']','','','取消']
2018-01-22 11:21:01,714 - BasePage - INFO - 行号：114,内容:['click','xpath','//*[@id='views-container']//img[@alt='邀请加入二维码']','','','邀请二维码']
2018-01-22 11:21:03,309 - BasePage - INFO - 行号：115,内容:['click','xpath','//*[@id="join-download-Qr"]','','','下载']
2018-01-22 11:21:04,109 - BasePage - INFO - 行号：116,内容:['click','xpath','//*[@id='inviteModal']//button[@class='close']','','','关闭']
2018-01-22 11:21:04,243 - BasePage - INFO - 行号：117,内容:['click','cssSelector','div.corp-btns > div:nth-child(1) > span','','','保存']
2018-01-22 11:21:05,904 - BasePage - INFO - 行号：118,内容:['click','xpath','//*[@id='content']//p[text()='功能自动化勿用']','','','删除组织信息']
2018-01-22 11:21:07,618 - BasePage - INFO - 行号：119,内容:['click','xpath','//*[@id='content']//div[@class='btn-icons del-org-treeBtn']','','','']
2018-01-22 11:21:07,782 - BasePage - INFO - 行号：120,内容:['click','xpath','//button[@data-bb-handler='cancel']','','','取消']
2018-01-22 11:21:08,434 - BasePage - INFO - 行号：121,内容:['click','xpath','//*[@id='content']//div[@class='btn-icons del-org-treeBtn']','','','']
2018-01-22 11:21:10,005 - BasePage - INFO - 行号：122,内容:['click','xpath','//button[@data-bb-handler='confirm']','','','确定删除']
2018-01-22 11:21:10,710 - BasePage - INFO - 行号：123,内容:['checkpoint','xpath','//div[@class='layui-layer-content']','删除组织成功','','']
2018-01-22 11:21:12,456 - BasePage - INFO - 结束回放脚本组织管理
2018-01-22 11:21:12,456 - BasePage - INFO - 结束回放脚本组织管理
2018-01-22 11:21:12,457 - BasePage - INFO - 结束回放脚本组织管理
2018-01-22 11:21:12,457 - BasePage - INFO - 结束回放脚本组织管理
