2018-01-22 11:11:23,322 - BrowserEngine - INFO - The test server url is: https://fapiao.yonyoucloud.com/cas/login?service=https%3A%2F%2Ffapiao.yonyoucloud.com%2Finvoiceclient-web%2Fcas
2018-01-22 11:11:27,398 - BrowserEngine - INFO - Open url: https://fapiao.yonyoucloud.com/cas/login?service=https%3A%2F%2Ffapiao.yonyoucloud.com%2Finvoiceclient-web%2Fcas
2018-01-22 11:11:28,526 - BrowserEngine - INFO - Maximize the current window.
2018-01-22 11:11:28,536 - BrowserEngine - INFO - Set implicitly wait 10 seconds.
2018-01-22 11:11:33,615 - BasePage - INFO - 开始回放脚本组织管理
2018-01-22 11:11:33,744 - BasePage - INFO - 行号：1,内容:['wait','','','1000','','']
2018-01-22 11:11:34,746 - BasePage - INFO - 行号：2,内容:['mousemove','xpath','//*[@id='header']//span[text()='应用设置']','','','应用设置']
2018-01-22 11:11:34,941 - BasePage - INFO - 行号：3,内容:['click','xpath','//*[@id='header']//span[text()='组织管理']','','','组织管理']
2018-01-22 11:11:35,301 - BasePage - INFO - 行号：4,内容:['wait','','','1000','','']
2018-01-22 11:11:36,302 - BasePage - INFO - 行号：5,内容:['click','xpath','//*[@id='content']//div[@class='btn-icons add-org-treeBtn']','','','增加组织']
2018-01-22 11:11:36,493 - BasePage - INFO - 行号：6,内容:['input','xpath','//*[@id='first-corp-input'] ','FunctionAutoOrg','','编码']
2018-01-22 11:11:36,704 - BasePage - INFO - 行号：7,内容:['input','xpath','//*[@id='views-container']//input[@title='请输入名称']','功能自动化勿用','','名称']
2018-01-22 11:11:36,898 - BasePage - INFO - 行号：8,内容:['input','xpath','//div[@class='page-views top-padding']/div[3]/div/div[5]/div[2]/input','13143533454','','电话']
2018-01-22 11:11:37,081 - BasePage - INFO - 行号：9,内容:['input','xpath','//div[@class='page-views top-padding']/div[3]/div/div[6]/div[2]/input','周毅','','联系人']
2018-01-22 11:11:37,210 - BasePage - INFO - 行号：10,内容:['input','xpath','//*[@id='nsrsbh']','111222333123999','','纳税人识别号']
2018-01-22 11:11:37,421 - BasePage - INFO - 行号：11,内容:['input','xpath','//*[@id='views-container']//input[@title='请输入纳税人名称']','Auto.01','','纳税人名称']
2018-01-22 11:11:37,648 - BasePage - INFO - 行号：12,内容:['input','xpath','//*[@id='views-container']//input[@data-bind='value: oldNsrsbh']','111222333123124','','曾用纳税人识别号']
2018-01-22 11:11:37,838 - BasePage - INFO - 行号：13,内容:['input','xpath','//*[@id='views-container']//input[@data-bind='value: oldNsrmc']','Auto.00','','曾用纳税人名称']
2018-01-22 11:11:38,029 - BasePage - INFO - 行号：14,内容:['input','xpath','//*[@id='views-container']//input[@title='请输入地址']','北京市北京经济技术开发区科创十四街99号','','地址']
2018-01-22 11:11:38,346 - BasePage - INFO - 行号：15,内容:['input','xpath','//*[@id='views-container']//input[@title='请输入电话号码']','010-56754031','','电话号码']
2018-01-22 11:11:38,530 - BasePage - INFO - 行号：16,内容:['input','xpath','//*[@id='views-container']//input[@title='请输入开户行名称']','中国建设银行','','开户行名称']
2018-01-22 11:11:38,690 - BasePage - INFO - 行号：17,内容:['input','xpath','//*[@id='views-container']//input[@title='请输入开户行账号']','6212261009111300000','','开户行账号']
2018-01-22 11:11:38,887 - BasePage - INFO - 行号：18,内容:['click','cssSelector','div.corp-btns > div:nth-child(1) > span','','','保存']
2018-01-22 11:11:38,987 - BasePage - INFO - 行号：19,内容:['checkpoint','xpath','//div[@class='layui-layer-content']','操作成功','','']
2018-01-22 11:11:41,766 - BasePage - INFO - 行号：20,内容:['','','组织管理-基本信息增加复选项：机关、事业单位。
1. 如果选中：则纳税人识别号不必填；
2. 如果纳税人识别号为空，不允许勾选开票组织；
3. 如果纳税人识别号为空，报销提交发票到报销/采购台账时，不校验税号必填；如果有纳税人识别号，仍然校验税号一致。','','*','']
2018-01-22 11:11:41,766 - BasePage - INFO - 行号：21,内容:['click','cssSelector','label.label-checked','','','勾选机关、事业单位']
2018-01-22 11:11:41,901 - BasePage - INFO - 行号：22,内容:['input','xpath','//*[@id='nsrsbh']','','','清空纳税人识别号']
2018-01-22 11:11:42,066 - BasePage - INFO - 行号：23,内容:['click','cssSelector','div.corp-btns > div:nth-child(1) > span','','','保存']
2018-01-22 11:11:42,315 - BasePage - INFO - 行号：24,内容:['checkpoint','xpath','//div[@class='layui-layer-content']','保存成功','','']
2018-01-22 11:11:43,904 - BasePage - INFO - 行号：25,内容:['click','xpath','//*[@id='views-container']//label[@for='make-invoice']','','','勾选开票']
2018-01-22 11:11:44,239 - BasePage - INFO - 行号：26,内容:['checkpoint','xpath','//div[@class='layui-layer-content']','请输入纳税人识别号','','']
2018-01-22 11:11:45,382 - BasePage - INFO - 行号：27,内容:['input','xpath','//*[@id='nsrsbh']','111222333123999','','输入纳税人识别号']
2018-01-22 11:11:45,618 - BasePage - INFO - 行号：28,内容:['click','xpath','//*[@id='views-container']//label[@for='make-invoice']','','','勾选开票']
2018-01-22 11:11:45,779 - BasePage - INFO - 行号：29,内容:['wait','','','1000','','']
2018-01-22 11:11:46,780 - BasePage - INFO - 行号：30,内容:['checkpoint','cssSelector','#nsrsbhEditTypeModal > div > div','','','税号修改提示框弹出']
2018-01-22 11:11:47,976 - BasePage - INFO - 行号：31,内容:['click','cssSelector','#checkCode_01+label','','','企业税号变更']
2018-01-22 11:11:48,078 - BasePage - INFO - 行号：32,内容:['click','cssSelector','#checkCode_02+label','','','组织税号变更']
2018-01-22 11:11:48,184 - BasePage - INFO - 行号：33,内容:['click','xpath','//div[@id='nsrsbhEditTypeModal']//span[@class='button default']','','','确定']
2018-01-22 11:11:48,280 - BasePage - INFO - 行号：34,内容:['click','xpath','//*[@id='views-container']//label[@for='make-invoice']','','','勾选开票']
2018-01-22 11:11:49,937 - BasePage - INFO - 行号：35,内容:['','','完成机关事业单位的1、2条需求','','*','']
2018-01-22 11:11:49,940 - BasePage - INFO - 行号：36,内容:['input','xpath','//*[@id='make-invoice-show']/div[1]/div[1]/div[2]/input','张力和','','开票人']
2018-01-22 11:11:50,098 - BasePage - INFO - 行号：37,内容:['input','xpath','//*[@id="make-invoice-show"]/div[1]/div[2]/div[2]/input','梅兹','','复核人']
2018-01-22 11:11:50,223 - BasePage - INFO - 行号：38,内容:['input','xpath','//*[@id="make-invoice-show"]/div[1]/div[3]/div[2]/input','唐钰','','收款人']
2018-01-22 11:11:50,364 - BasePage - INFO - 行号：39,内容:['click','xpath','//*[@id='make-invoice-show']//div[@class='addTaxMechBtn']/span','','','添加税控设备1']
2018-01-22 11:11:50,506 - BasePage - INFO - 行号：40,内容:['wait','','','1000','','']
2018-01-22 11:11:51,509 - BasePage - INFO - 行号：41,内容:['input','xpath','//*[@id='taxMechModal']//input[@title='请填写税控设备编号']','Auto001','','选择或填写税控编号']
2018-01-22 11:11:51,703 - BasePage - INFO - 行号：42,内容:['input','xpath','//*[@id='taxMechModal']//input[@data-bind='value: taxMechName']','Auto百旺3.0','','税控设备名称']
2018-01-22 11:11:51,867 - BasePage - INFO - 行号：43,内容:['click','xpath','//*[@id='select2-taxSoftVersion-container']','','','点击选择税控版本']
2018-01-22 11:11:51,976 - BasePage - INFO - 行号：44,内容:['click','xpath','//*[@id='select2-taxSoftVersion-results']/li[1]','','*','选择航信']
2018-01-22 11:11:51,977 - BasePage - INFO - 行号：45,内容:['click','xpath','//*[@id='select2-taxSoftVersion-results']/li[2]','','','选择百旺']
2018-01-22 11:11:52,105 - BasePage - INFO - 行号：46,内容:['input','xpath','//*[@id='taxMechModal']//input[@title='请输入发票开具限额']','10000','','开具限额']
2018-01-22 11:11:52,237 - BasePage - INFO - 行号：47,内容:['click','xpath','//*[@id='select2-taxBmbBbh-container']','','','选择编码版本号']
2018-01-22 11:11:52,336 - BasePage - INFO - 行号：48,内容:['click','xpath','//*[@id='select2-taxBmbBbh-results']/li','','','13']
2018-01-22 11:11:52,434 - BasePage - INFO - 行号：49,内容:['click','xpath','//*[@id='select2-taxMechType-container']','','','选择发票种类']
2018-01-22 11:11:52,532 - BasePage - INFO - 行号：50,内容:['click','xpath','//*[@id='select2-taxMechType-results']/li[1]','','','增值税电子普通发票']
2018-01-22 11:11:52,634 - BasePage - INFO - 行号：51,内容:['click','xpath','//*[@id='taxMechModal']//span[text()='保存']','','','保存添加税控设备']
2018-01-22 11:11:52,743 - BasePage - INFO - 行号：52,内容:['wait','','','1000','','']
2018-01-22 11:11:53,743 - BasePage - INFO - 行号：53,内容:['click','xpath','//*[@id='make-invoice-show']//div[@class='addTaxMechBtn']/span','','','添加税控设备2']
2018-01-22 11:11:53,923 - BasePage - INFO - 行号：54,内容:['wait','','','1000','','']
2018-01-22 11:11:54,923 - BasePage - INFO - 行号：55,内容:['input','xpath','//*[@id='taxMechModal']//input[@title='请填写税控设备编号']','Auto002','','选择或填写税控编号']
2018-01-22 11:11:55,168 - BasePage - INFO - 行号：56,内容:['input','xpath','//*[@id='taxMechModal']//input[@data-bind='value: taxMechName']','Auto百旺3.0','','税控设备名称']
2018-01-22 11:11:55,326 - BasePage - INFO - 行号：57,内容:['click','xpath','//*[@id='select2-taxSoftVersion-container']','','','点击选择税控版本']
2018-01-22 11:11:55,448 - BasePage - INFO - 行号：58,内容:['click','xpath','//*[@id='select2-taxSoftVersion-results']/li[1]','','*','选择航信']
2018-01-22 11:11:55,450 - BasePage - INFO - 行号：59,内容:['click','xpath','//*[@id='select2-taxSoftVersion-results']/li[2]','','','选择百旺']
2018-01-22 11:11:55,555 - BasePage - INFO - 行号：60,内容:['input','xpath','//*[@id='taxMechModal']//input[@title='请输入发票开具限额']','1000','','开具限额']
2018-01-22 11:11:55,648 - BasePage - INFO - 行号：61,内容:['click','xpath','//*[@id='select2-taxBmbBbh-container']','','','选择编码版本号']
2018-01-22 11:11:55,743 - BasePage - INFO - 行号：62,内容:['click','xpath','//*[@id='select2-taxBmbBbh-results']/li','','','13']
2018-01-22 11:11:55,897 - BasePage - INFO - 行号：63,内容:['click','xpath','//*[@id='select2-taxMechType-container']','','','选择发票种类']
2018-01-22 11:11:56,016 - BasePage - INFO - 行号：64,内容:['click','xpath','//*[@id='select2-taxMechType-results']/li[2]','','','增值税普通发票']
2018-01-22 11:11:56,114 - BasePage - INFO - 行号：65,内容:['click','xpath','//*[@id='taxMechModal']//span[text()='保存']','','','保存添加税控设备']
2018-01-22 11:11:56,190 - BasePage - INFO - 行号：66,内容:['wait','','','1000','','']
2018-01-22 11:11:57,190 - BasePage - INFO - 行号：67,内容:['click','xpath','//*[@id='make-invoice-show']//div[@class='addTaxMechBtn']/span','','','添加税控设备3']
2018-01-22 11:11:57,400 - BasePage - INFO - 行号：68,内容:['wait','','','1000','','']
2018-01-22 11:11:58,401 - BasePage - INFO - 行号：69,内容:['input','xpath','//*[@id='taxMechModal']//input[@title='请填写税控设备编号']','Auto003','','选择或填写税控编号']
2018-01-22 11:11:58,582 - BasePage - INFO - 行号：70,内容:['input','xpath','//*[@id='taxMechModal']//input[@data-bind='value: taxMechName']','Auto百旺3.0','','税控设备名称']
2018-01-22 11:11:58,770 - BasePage - INFO - 行号：71,内容:['click','xpath','//*[@id='select2-taxSoftVersion-container']','','','点击选择税控版本']
2018-01-22 11:11:58,992 - BasePage - INFO - 行号：72,内容:['click','xpath','//*[@id='select2-taxSoftVersion-results']/li[1]','','*','选择航信']
2018-01-22 11:11:58,992 - BasePage - INFO - 行号：73,内容:['click','xpath','//*[@id='select2-taxSoftVersion-results']/li[2]','','','选择百旺']
2018-01-22 11:11:59,086 - BasePage - INFO - 行号：74,内容:['input','xpath','//*[@id='taxMechModal']//input[@title='请输入发票开具限额']','1000','','开具限额']
2018-01-22 11:11:59,188 - BasePage - INFO - 行号：75,内容:['click','xpath','//*[@id='select2-taxBmbBbh-container']','','','选择编码版本号']
2018-01-22 11:11:59,292 - BasePage - INFO - 行号：76,内容:['click','xpath','//*[@id='select2-taxBmbBbh-results']/li','','','13']
2018-01-22 11:11:59,405 - BasePage - INFO - 行号：77,内容:['click','xpath','//*[@id='select2-taxMechType-container']','','','选择发票种类']
2018-01-22 11:11:59,500 - BasePage - INFO - 行号：78,内容:['click','xpath','//*[@id='select2-taxMechType-results']/li[3]','','','增值税专用发票']
2018-01-22 11:11:59,595 - BasePage - INFO - 行号：79,内容:['click','xpath','//*[@id='taxMechModal']//span[text()='保存']','','','保存添加税控设备']
2018-01-22 11:11:59,674 - BasePage - INFO - 行号：80,内容:['wait','','','1000','','']
2018-01-22 11:12:00,676 - BasePage - INFO - 行号：81,内容:['click','xpath','//*[@id='make-invoice-show']//div[@class='addTaxMechBtn']/span','','','添加税控设备4']
2018-01-22 11:12:00,857 - BasePage - INFO - 行号：82,内容:['checkpoint','xpath','//div[@class='layui-layer-content']','发票种类已添加完整','','']
2018-01-22 11:12:02,704 - BasePage - INFO - 行号：83,内容:['click','xpath','//*[@id='views-container']//label[@for='drawee-invoice']','','','勾选受票']
2018-01-22 11:12:02,809 - BasePage - INFO - 行号：84,内容:['click','cssSelector','div.corp-btns > div:nth-child(1) > span','','','保存']
2018-01-22 11:12:02,924 - BasePage - INFO - 行号：85,内容:['checkpoint','xpath','//div[@class='layui-layer-content']','保存成功','','']
2018-01-22 11:12:04,154 - BasePage - INFO - 行号：86,内容:['','','','','*','查询组织']
2018-01-22 11:12:04,154 - BasePage - INFO - 行号：87,内容:['input','xpath','//*[@id='keywords']','FunctionAutoOrg','','输入组织编码查询关键字']
2018-01-22 11:12:04,344 - BasePage - INFO - 行号：88,内容:['click','xpath','//*[@id='content']//div[@class='search-icon']','','','点击搜索图标']
2018-01-22 11:12:04,443 - BasePage - INFO - 行号：89,内容:['checkpoint','xpath','//*[@id='content']//p[text()='功能自动化勿用']','','','']
2018-01-22 11:12:05,249 - BasePage - INFO - 行号：90,内容:['click','xpath','//*[@id='content']//p[text()='功能自动化勿用']','','','修改组织信息']
2018-01-22 11:12:05,358 - BasePage - INFO - 行号：91,内容:['','','组织管理-基本信息增加复选项：机关、事业单位。
1. 如果选中：则纳税人识别号不必填；
2. 如果纳税人识别号为空，不允许勾选开票组织；
3. 如果纳税人识别号为空，报销提交发票到报销/采购台账时，不校验税号必填；如果有纳税人识别号，仍然校验税号一致。','','*','']
2018-01-22 11:12:05,358 - BasePage - INFO - 行号：92,内容:['click','cssSelector','label.label-checked','','','取消勾选机关、事业单位']
2018-01-22 11:12:05,476 - BasePage - INFO - 行号：93,内容:['input','xpath','//*[@id='nsrsbh']','','','清空纳税人识别号']
2018-01-22 11:12:05,601 - BasePage - INFO - 行号：94,内容:['click','xpath','//*[@id='views-container']//label[@for='make-invoice']','','','取消勾选开票']
2018-01-22 11:12:05,709 - BasePage - INFO - 行号：95,内容:['checkpoint','xpath','//div[@class='layui-layer-content']','业务信息组织属性不可修改','','']
2018-01-22 11:12:06,500 - BasePage - INFO - 行号：96,内容:['click','cssSelector','div.corp-btns > div:nth-child(1) > span','','','保存']
2018-01-22 11:12:06,598 - BasePage - INFO - 行号：97,内容:['checkpoint','cssSelector','#nsrsbh+span','请输入税号','','']
2018-01-22 11:12:07,375 - BasePage - INFO - 行号：98,内容:['input','xpath','//*[@id='nsrsbh']','111222333123999','','输入纳税人识别号']
2018-01-22 11:12:07,612 - BasePage - INFO - 行号：99,内容:['click','cssSelector','div.corp-btns > div:nth-child(1) > span','','','保存']
2018-01-22 11:12:07,727 - BasePage - INFO - 行号：100,内容:['wait','','','1000','','']
2018-01-22 11:12:08,729 - BasePage - INFO - 行号：101,内容:['click','xpath','//*[@id='content']//p[text()='功能自动化勿用']','','','修改组织信息']
2018-01-22 11:12:08,900 - BasePage - INFO - 行号：102,内容:['checkpoint','xpath','//div[@class='layui-layer-content']','操作成功','','']
2018-01-22 11:12:10,061 - BasePage - ERROR - 断言失败，预期值与实际值不一致
2018-01-22 11:12:10,062 - BasePage - INFO - 行号：103,内容:['input','xpath','//div[@class='page-views top-padding']/div[3]/div/div[5]/div[2]/input','13143530000','','电话']
2018-01-22 11:12:10,270 - BasePage - INFO - 行号：104,内容:['input','xpath','//*[@id='make-invoice-show']/div[1]/div[1]/div[2]/input','王小九','','开票人']
2018-01-22 11:12:10,405 - BasePage - INFO - 行号：105,内容:['input','xpath','//*[@id="make-invoice-show"]/div[1]/div[2]/div[2]/input','赵小九','','复核人']
2018-01-22 11:12:10,529 - BasePage - INFO - 行号：106,内容:['input','xpath','//*[@id="make-invoice-show"]/div[1]/div[3]/div[2]/input','钱小九','','收款人']
2018-01-22 11:12:10,687 - BasePage - INFO - 行号：107,内容:['click','xpath','//*[@id='views-container']//img[@alt='预约二维码生成']','','','预约二维码']
2018-01-22 11:12:10,811 - BasePage - INFO - 行号：108,内容:['click','xpath','//*[@id='readyQrModal']//span[@class='button light']','','','取消']
2018-01-22 11:12:12,059 - BasePage - INFO - 行号：109,内容:['click','xpath','//*[@id='views-container']//img[@alt='预约二维码生成']','','','预约二维码']
2018-01-22 11:12:14,177 - BasePage - INFO - 行号：110,内容:['click','xpath','//*[@id='readyQrModal']//span[@class='button default']','','','下载']
2018-01-22 11:12:15,877 - BasePage - INFO - 行号：111,内容:['click','xpath','//*[@id='readyQrModal']//button[@class='close']','','','关闭']
2018-01-22 11:12:16,065 - BasePage - INFO - 行号：112,内容:['click','xpath','//*[@id='views-container']//img[@alt='邀请加入二维码']','','','邀请加入二维码']
2018-01-22 11:12:18,451 - BasePage - INFO - 行号：113,内容:['click','xpath','//*[@id='inviteModal']//span[@data-dismiss='modal']','','','取消']
2018-01-22 11:12:19,151 - BasePage - INFO - 行号：114,内容:['click','xpath','//*[@id='views-container']//img[@alt='邀请加入二维码']','','','邀请二维码']
2018-01-22 11:12:21,648 - BasePage - INFO - 行号：115,内容:['click','xpath','//*[@id="join-download-Qr"]','','','下载']
2018-01-22 11:12:22,483 - BasePage - INFO - 行号：116,内容:['click','xpath','//*[@id='inviteModal']//button[@class='close']','','','关闭']
2018-01-22 11:12:22,628 - BasePage - INFO - 行号：117,内容:['click','cssSelector','div.corp-btns > div:nth-child(1) > span','','','保存']
2018-01-22 11:12:24,943 - BasePage - INFO - 行号：118,内容:['click','xpath','//*[@id='content']//p[text()='功能自动化勿用']','','','删除组织信息']
2018-01-22 11:12:25,099 - BasePage - INFO - 行号：119,内容:['click','xpath','//*[@id='content']//div[@class='btn-icons del-org-treeBtn']','','','']
2018-01-22 11:12:25,269 - BasePage - INFO - 行号：120,内容:['click','xpath','//button[@data-bb-handler='cancel']','','','取消']
2018-01-22 11:12:26,012 - BasePage - INFO - 行号：121,内容:['click','xpath','//*[@id='content']//div[@class='btn-icons del-org-treeBtn']','','','']
2018-01-22 11:12:28,193 - BasePage - INFO - 行号：122,内容:['click','xpath','//button[@data-bb-handler='confirm']','','','确定删除']
2018-01-22 11:12:28,924 - BasePage - INFO - 行号：123,内容:['checkpoint','xpath','//div[@class='layui-layer-content']','删除组织成功','','']
2018-01-22 11:14:24,095 - BasePage - ERROR - 断言失败，预期值与实际值不一致
2018-01-22 11:14:24,096 - BasePage - INFO - 结束回放脚本组织管理
2018-01-22 11:14:24,098 - BasePage - INFO - 结束回放脚本组织管理
2018-01-22 11:14:24,098 - BasePage - INFO - 结束回放脚本组织管理
2018-01-22 11:14:24,098 - BasePage - INFO - 结束回放脚本组织管理
