2018-01-23 11:31:52,426 - BrowserEngine - INFO - The test server url is: https://fapiao.yonyoucloud.com/cas/login?service=https%3A%2F%2Ffapiao.yonyoucloud.com%2Finvoiceclient-web%2Fcas
2018-01-23 11:31:56,038 - BrowserEngine - INFO - Open url: https://fapiao.yonyoucloud.com/cas/login?service=https%3A%2F%2Ffapiao.yonyoucloud.com%2Finvoiceclient-web%2Fcas
2018-01-23 11:31:57,171 - BrowserEngine - INFO - Maximize the current window.
2018-01-23 11:31:57,187 - BrowserEngine - INFO - Set implicitly wait 10 seconds.
2018-01-23 11:32:02,193 - BasePage - INFO - 开始回放脚本员工管理
2018-01-23 11:32:02,269 - BasePage - INFO - 行号：1,内容:['wait','','','3000','','']
2018-01-23 11:32:05,269 - BasePage - INFO - 行号：2,内容:['mousemove','xpath','//*[@id='header']//span[text()='应用设置']','','','应用设置']
2018-01-23 11:32:05,446 - BasePage - INFO - 行号：3,内容:['click','xpath','//*[@id='header']//span[text()='员工管理']','','','员工管理']
2018-01-23 11:32:05,571 - BasePage - INFO - 行号：4,内容:['wait','','','1000','','']
2018-01-23 11:32:06,572 - BasePage - INFO - 行号：5,内容:['input','xpath','//*[@id='content']//input[@class='advanedFocus j-fuzzy-input']','测试修改','','输入用户名']
2018-01-23 11:32:06,772 - BasePage - INFO - 行号：6,内容:['click','xpath','//*[@id='content']//div[@class='fuzzy-btn']','','','搜索文字']
2018-01-23 11:32:06,897 - BasePage - INFO - 行号：7,内容:['checkpoint','xpath','//*[@id='table']/table/tbody//td[3][contains(text(),'测试修改')]','','','']
2018-01-23 11:32:07,062 - BasePage - INFO - 行号：8,内容:['click','xpath','//div[@class='fuzzy-search-empty']','','','清空']
2018-01-23 11:32:07,157 - BasePage - INFO - 行号：9,内容:['wait','','','2000','','']
2018-01-23 11:32:09,157 - BasePage - INFO - 行号：10,内容:['click','xpath','//*[@id='content']//div[@class='operation-content shadow']/div[1]','','','邀请']
2018-01-23 11:32:09,352 - BasePage - INFO - 行号：11,内容:['wait','','','1000','','']
2018-01-23 11:32:10,352 - BasePage - INFO - 行号：12,内容:['click','xpath','//div[@class='modal-operation']/span[@class='button light']','','','取消']
2018-01-23 11:32:10,535 - BasePage - INFO - 行号：13,内容:['click','xpath','//*[@id='content']//div[@class='operation-content shadow']/div[1]','','','邀请']
2018-01-23 11:32:12,163 - BasePage - INFO - 行号：14,内容:['wait','','','1000','','']
2018-01-23 11:32:13,164 - BasePage - INFO - 行号：15,内容:['click','xpath','//div[@class='modal-operation']/span[2]','','','确定']
2018-01-23 11:32:13,331 - BasePage - INFO - 行号：16,内容:['checkpoint','xpath','//div[@class='layui-layer-content']','请输入邀请邮箱','','']
2018-01-23 11:32:14,484 - BasePage - INFO - 行号：17,内容:['click','xpath','//*[@id='inviteEmployee']//span[@class='select2-selection__rendered']','','','选择受票组织']
2018-01-23 11:32:14,677 - BasePage - INFO - 行号：18,内容:['click','xpath','//ul[@class='select2-results__options']/li[text()='自动化测试勿用0001']','','','选择受票组织']
2018-01-23 11:32:14,785 - BasePage - INFO - 行号：19,内容:['input','xpath','//*[@id='inviteEmployee']//div[@class='custom-textarea-input-wrap']/input','huhaixiang@yonyou.com','','邮箱']
2018-01-23 11:32:15,006 - BasePage - INFO - 行号：20,内容:['click','xpath','//div[@class='modal-operation']/span[2]','','','确定']
2018-01-23 11:32:15,088 - BasePage - INFO - 行号：21,内容:['checkpoint','xpath','//div[@class='layui-layer-content']','邮件邀请已发送','','']
2018-01-23 11:32:16,210 - BasePage - INFO - 行号：22,内容:['wait','','','1000','','']
2018-01-23 11:32:17,211 - BasePage - INFO - 行号：23,内容:['input','xpath','//*[@id='content']//input[@class='advanedFocus j-fuzzy-input']','自动化','','输入用户名']
2018-01-23 11:32:17,444 - BasePage - INFO - 行号：24,内容:['click','xpath','//*[@id='content']//div[@class='fuzzy-btn']','','','搜索文字']
2018-01-23 11:32:17,549 - BasePage - INFO - 行号：25,内容:['click','xpath','//*[@id='content']//div[@class='operation-content shadow']/div[2]','','','审核']
2018-01-23 11:32:17,703 - BasePage - INFO - 行号：26,内容:['checkpoint','xpath','//div[@class='layui-layer-content']','至少选择一条数据','','']
2018-01-23 11:32:18,842 - BasePage - INFO - 行号：27,内容:['click','xpath','//*[@id="table"]/table/tbody/tr[1]/td[1]/span/label','','','选择需要审核数据']
2018-01-23 11:32:18,934 - BasePage - INFO - 行号：28,内容:['click','xpath','//*[@id="table"]/table/tbody/tr[2]/td[1]/span/label','','','选择需要审核数据']
2018-01-23 11:32:29,726 - BasePage - ERROR - 异常原因：元素不存在，请检查定位方式或定位值，详细异常信息Message: 
Screenshot: available via screen
Stacktrace:
    at sun.reflect.NativeConstructorAccessorImpl.newInstance0 (NativeConstructorAccessorImpl.java:-2)
    at sun.reflect.NativeConstructorAccessorImpl.newInstance (NativeConstructorAccessorImpl.java:62)
    at sun.reflect.DelegatingConstructorAccessorImpl.newInstance (DelegatingConstructorAccessorImpl.java:45)
    at java.lang.reflect.Constructor.newInstance (Constructor.java:422)
    at org.openqa.selenium.remote.ErrorHandler.createThrowable (ErrorHandler.java:216)
    at org.openqa.selenium.remote.ErrorHandler.throwIfResponseFailed (ErrorHandler.java:168)
    at org.openqa.selenium.remote.RemoteWebDriver.execute (RemoteWebDriver.java:638)
    at org.openqa.selenium.remote.RemoteWebDriver.findElement (RemoteWebDriver.java:371)
    at org.openqa.selenium.remote.RemoteWebDriver.findElementByXPath (RemoteWebDriver.java:476)
    at org.openqa.selenium.By$ByXPath.findElement (By.java:361)
    at org.openqa.selenium.remote.RemoteWebDriver.findElement (RemoteWebDriver.java:363)
    at sun.reflect.GeneratedMethodAccessor9.invoke (None:-1)
    at sun.reflect.DelegatingMethodAccessorImpl.invoke (DelegatingMethodAccessorImpl.java:43)
    at java.lang.reflect.Method.invoke (Method.java:497)
    at org.openqa.selenium.support.events.EventFiringWebDriver$2.invoke (EventFiringWebDriver.java:104)
    at com.sun.proxy.$Proxy6.findElement (None:-1)
    at org.openqa.selenium.support.events.EventFiringWebDriver.findElement (EventFiringWebDriver.java:188)
    at org.openqa.selenium.remote.server.handler.FindElement.call (FindElement.java:48)
    at org.openqa.selenium.remote.server.handler.FindElement.call (FindElement.java:33)
    at java.util.concurrent.FutureTask.run (FutureTask.java:266)
    at org.openqa.selenium.remote.server.DefaultSession$1.run (DefaultSession.java:176)
    at java.util.concurrent.ThreadPoolExecutor.runWorker (ThreadPoolExecutor.java:1142)
    at java.util.concurrent.ThreadPoolExecutor$Worker.run (ThreadPoolExecutor.java:617)
    at java.lang.Thread.run (Thread.java:745)
2018-01-23 11:32:40,528 - BasePage - ERROR - 异常原因：元素不存在，请检查定位方式或定位值，详细异常信息Message: 
Screenshot: available via screen
Stacktrace:
    at sun.reflect.NativeConstructorAccessorImpl.newInstance0 (NativeConstructorAccessorImpl.java:-2)
    at sun.reflect.NativeConstructorAccessorImpl.newInstance (NativeConstructorAccessorImpl.java:62)
    at sun.reflect.DelegatingConstructorAccessorImpl.newInstance (DelegatingConstructorAccessorImpl.java:45)
    at java.lang.reflect.Constructor.newInstance (Constructor.java:422)
    at org.openqa.selenium.remote.ErrorHandler.createThrowable (ErrorHandler.java:216)
    at org.openqa.selenium.remote.ErrorHandler.throwIfResponseFailed (ErrorHandler.java:168)
    at org.openqa.selenium.remote.RemoteWebDriver.execute (RemoteWebDriver.java:638)
    at org.openqa.selenium.remote.RemoteWebDriver.findElement (RemoteWebDriver.java:371)
    at org.openqa.selenium.remote.RemoteWebDriver.findElementByXPath (RemoteWebDriver.java:476)
    at org.openqa.selenium.By$ByXPath.findElement (By.java:361)
    at org.openqa.selenium.remote.RemoteWebDriver.findElement (RemoteWebDriver.java:363)
    at sun.reflect.GeneratedMethodAccessor9.invoke (None:-1)
    at sun.reflect.DelegatingMethodAccessorImpl.invoke (DelegatingMethodAccessorImpl.java:43)
    at java.lang.reflect.Method.invoke (Method.java:497)
    at org.openqa.selenium.support.events.EventFiringWebDriver$2.invoke (EventFiringWebDriver.java:104)
    at com.sun.proxy.$Proxy6.findElement (None:-1)
    at org.openqa.selenium.support.events.EventFiringWebDriver.findElement (EventFiringWebDriver.java:188)
    at org.openqa.selenium.remote.server.handler.FindElement.call (FindElement.java:48)
    at org.openqa.selenium.remote.server.handler.FindElement.call (FindElement.java:33)
    at java.util.concurrent.FutureTask.run (FutureTask.java:266)
    at org.openqa.selenium.remote.server.DefaultSession$1.run (DefaultSession.java:176)
    at java.util.concurrent.ThreadPoolExecutor.runWorker (ThreadPoolExecutor.java:1142)
    at java.util.concurrent.ThreadPoolExecutor$Worker.run (ThreadPoolExecutor.java:617)
    at java.lang.Thread.run (Thread.java:745)
